<?xml version="1.0" encoding="UTF-8"?>
<coverage generated="1771069582428" clover="3.2.0">
  <project timestamp="1771069582428" name="All files">
    <metrics statements="96" coveredstatements="69" conditionals="56" coveredconditionals="29" methods="11" coveredmethods="9" elements="163" coveredelements="107" complexity="0" loc="96" ncloc="96" packages="2" files="5" classes="5"/>
    <package name="data">
      <metrics statements="55" coveredstatements="53" conditionals="21" coveredconditionals="21" methods="7" coveredmethods="7"/>
      <file name="conformiteLogic.ts" path="/Users/sebastienmauve/Documents/BUREAUCRACY++/Github/bureaucracy_v.1.17.0-MVP/data/conformiteLogic.ts">
        <metrics statements="22" coveredstatements="22" conditionals="11" coveredconditionals="11" methods="3" coveredmethods="3"/>
        <line num="9" count="1" type="stmt"/>
        <line num="10" count="1" type="stmt"/>
        <line num="11" count="1" type="stmt"/>
        <line num="12" count="1" type="stmt"/>
        <line num="13" count="1" type="stmt"/>
        <line num="14" count="1" type="stmt"/>
        <line num="15" count="1" type="stmt"/>
        <line num="31" count="1" type="stmt"/>
        <line num="33" count="117" type="stmt"/>
        <line num="36" count="117" type="stmt"/>
        <line num="54" count="1" type="stmt"/>
        <line num="59" count="12" type="stmt"/>
        <line num="81" count="1" type="stmt"/>
        <line num="87" count="14" type="cond" truecount="2" falsecount="0"/>
        <line num="88" count="1" type="stmt"/>
        <line num="92" count="13" type="cond" truecount="2" falsecount="0"/>
        <line num="93" count="3" type="stmt"/>
        <line num="97" count="10" type="cond" truecount="2" falsecount="0"/>
        <line num="98" count="4" type="stmt"/>
        <line num="99" count="4" type="cond" truecount="2" falsecount="0"/>
        <line num="100" count="2" type="stmt"/>
        <line num="104" count="8" type="stmt"/>
      </file>
      <file name="gameData.ts" path="/Users/sebastienmauve/Documents/BUREAUCRACY++/Github/bureaucracy_v.1.17.0-MVP/data/gameData.ts">
        <metrics statements="2" coveredstatements="0" conditionals="0" coveredconditionals="0" methods="0" coveredmethods="0"/>
        <line num="4" count="0" type="stmt"/>
        <line num="388" count="0" type="stmt"/>
      </file>
      <file name="messageSystem.ts" path="/Users/sebastienmauve/Documents/BUREAUCRACY++/Github/bureaucracy_v.1.17.0-MVP/data/messageSystem.ts">
        <metrics statements="31" coveredstatements="31" conditionals="10" coveredconditionals="10" methods="4" coveredmethods="4"/>
        <line num="9" count="1" type="stmt"/>
        <line num="10" count="1" type="stmt"/>
        <line num="11" count="1" type="stmt"/>
        <line num="14" count="1" type="stmt"/>
        <line num="15" count="1" type="stmt"/>
        <line num="16" count="1" type="stmt"/>
        <line num="17" count="1" type="stmt"/>
        <line num="18" count="1" type="stmt"/>
        <line num="21" count="1" type="stmt"/>
        <line num="22" count="1" type="stmt"/>
        <line num="28" count="1" type="stmt"/>
        <line num="45" count="1" type="stmt"/>
        <line num="46" count="10251" type="stmt"/>
        <line num="47" count="10251" type="stmt"/>
        <line num="64" count="1" type="stmt"/>
        <line num="65" count="10014" type="cond" truecount="2" falsecount="0"/>
        <line num="66" count="3" type="stmt"/>
        <line num="69" count="10011" type="stmt"/>
        <line num="70" count="10011" type="stmt"/>
        <line num="72" count="10011" type="cond" truecount="2" falsecount="0"/>
        <line num="74" count="10003" type="stmt"/>
        <line num="75" count="8" type="cond" truecount="2" falsecount="0"/>
        <line num="77" count="4" type="stmt"/>
        <line num="80" count="4" type="stmt"/>
        <line num="97" count="1" type="stmt"/>
        <line num="98" count="202001" type="stmt"/>
        <line num="101" count="202001" type="cond" truecount="4" falsecount="0"/>
        <line num="102" count="2000" type="stmt"/>
        <line num="106" count="200001" type="stmt"/>
        <line num="123" count="1" type="stmt"/>
        <line num="128" count="9" type="stmt"/>
      </file>
    </package>
    <package name="utils">
      <metrics statements="41" coveredstatements="16" conditionals="35" coveredconditionals="8" methods="4" coveredmethods="2"/>
      <file name="formatters.ts" path="/Users/sebastienmauve/Documents/BUREAUCRACY++/Github/bureaucracy_v.1.17.0-MVP/utils/formatters.ts">
        <metrics statements="16" coveredstatements="16" conditionals="8" coveredconditionals="8" methods="2" coveredmethods="2"/>
        <line num="12" count="1" type="stmt"/>
        <line num="13" count="61" type="cond" truecount="2" falsecount="0"/>
        <line num="14" count="9" type="stmt"/>
        <line num="16" count="9" type="stmt"/>
        <line num="18" count="9" type="stmt"/>
        <line num="19" count="52" type="cond" truecount="2" falsecount="0"/>
        <line num="20" count="14" type="stmt"/>
        <line num="22" count="14" type="stmt"/>
        <line num="24" count="14" type="stmt"/>
        <line num="25" count="38" type="cond" truecount="2" falsecount="0"/>
        <line num="27" count="9" type="stmt"/>
        <line num="28" count="29" type="cond" truecount="2" falsecount="0"/>
        <line num="29" count="8" type="stmt"/>
        <line num="31" count="21" type="stmt"/>
        <line num="39" count="1" type="stmt"/>
        <line num="40" count="34" type="stmt"/>
      </file>
      <file name="stateMigration.ts" path="/Users/sebastienmauve/Documents/BUREAUCRACY++/Github/bureaucracy_v.1.17.0-MVP/utils/stateMigration.ts">
        <metrics statements="25" coveredstatements="0" conditionals="27" coveredconditionals="0" methods="2" coveredmethods="0"/>
        <line num="27" count="0" type="stmt"/>
        <line num="28" count="0" type="stmt"/>
        <line num="30" count="0" type="cond" truecount="0" falsecount="2"/>
        <line num="33" count="0" type="cond" truecount="0" falsecount="2"/>
        <line num="34" count="0" type="stmt"/>
        <line num="38" count="0" type="cond" truecount="0" falsecount="2"/>
        <line num="39" count="0" type="stmt"/>
        <line num="42" count="0" type="cond" truecount="0" falsecount="2"/>
        <line num="43" count="0" type="cond" truecount="0" falsecount="2"/>
        <line num="45" count="0" type="stmt"/>
        <line num="74" count="0" type="stmt"/>
        <line num="75" count="0" type="stmt"/>
        <line num="78" count="0" type="stmt"/>
        <line num="79" count="0" type="stmt"/>
        <line num="90" count="0" type="stmt"/>
        <line num="91" count="0" type="stmt"/>
        <line num="93" count="0" type="cond" truecount="0" falsecount="6"/>
        <line num="94" count="0" type="stmt"/>
        <line num="98" count="0" type="cond" truecount="0" falsecount="5"/>
        <line num="101" count="0" type="stmt"/>
        <line num="105" count="0" type="cond" truecount="0" falsecount="2"/>
        <line num="106" count="0" type="cond" truecount="0" falsecount="4"/>
        <line num="107" count="0" type="stmt"/>
        <line num="111" count="0" type="stmt"/>
        <line num="113" count="0" type="stmt"/>
      </file>
    </package>
  </project>
</coverage>
