{"/Users/sebastienmauve/Documents/BUREAUCRACY++/Github/bureaucracy_v.1.17.0-MVP/data/conformiteLogic.ts": {"path":"/Users/sebastienmauve/Documents/BUREAUCRACY++/Github/bureaucracy_v.1.17.0-MVP/data/conformiteLogic.ts","statementMap":{"0":{"start":{"line":31,"column":0},"end":{"line":31,"column":16}},"1":{"start":{"line":54,"column":0},"end":{"line":54,"column":16}},"2":{"start":{"line":81,"column":0},"end":{"line":81,"column":16}},"3":{"start":{"line":9,"column":13},"end":{"line":9,"column":35}},"4":{"start":{"line":10,"column":13},"end":{"line":10,"column":38}},"5":{"start":{"line":11,"column":13},"end":{"line":11,"column":29}},"6":{"start":{"line":12,"column":13},"end":{"line":12,"column":27}},"7":{"start":{"line":13,"column":13},"end":{"line":13,"column":50}},"8":{"start":{"line":14,"column":13},"end":{"line":14,"column":34}},"9":{"start":{"line":15,"column":13},"end":{"line":15,"column":36}},"10":{"start":{"line":33,"column":21},"end":{"line":33,"column":85}},"11":{"start":{"line":36,"column":2},"end":{"line":36,"column":46}},"12":{"start":{"line":59,"column":2},"end":{"line":63,"column":4}},"13":{"start":{"line":87,"column":2},"end":{"line":89,"column":3}},"14":{"start":{"line":88,"column":4},"end":{"line":88,"column":17}},"15":{"start":{"line":92,"column":2},"end":{"line":94,"column":3}},"16":{"start":{"line":93,"column":4},"end":{"line":93,"column":17}},"17":{"start":{"line":97,"column":2},"end":{"line":102,"column":3}},"18":{"start":{"line":98,"column":26},"end":{"line":98,"column":56}},"19":{"start":{"line":99,"column":4},"end":{"line":101,"column":5}},"20":{"start":{"line":100,"column":6},"end":{"line":100,"column":19}},"21":{"start":{"line":104,"column":2},"end":{"line":104,"column":14}}},"fnMap":{"0":{"name":"calculateConformitePercentage","decl":{"start":{"line":31,"column":16},"end":{"line":31,"column":45}},"loc":{"start":{"line":31,"column":73},"end":{"line":37,"column":1}}},"1":{"name":"shouldUnlockConformite","decl":{"start":{"line":54,"column":16},"end":{"line":54,"column":38}},"loc":{"start":{"line":57,"column":30},"end":{"line":64,"column":1}}},"2":{"name":"canPerformTest","decl":{"start":{"line":81,"column":16},"end":{"line":81,"column":30}},"loc":{"start":{"line":84,"column":21},"end":{"line":105,"column":1}}}},"branchMap":{"0":{"loc":{"start":{"line":60,"column":4},"end":{"line":62,"column":23}},"type":"binary-expr","locations":[{"start":{"line":60,"column":4},"end":{"line":60,"column":40}},{"start":{"line":61,"column":4},"end":{"line":61,"column":48}},{"start":{"line":62,"column":4},"end":{"line":62,"column":23}}]},"1":{"loc":{"start":{"line":87,"column":2},"end":{"line":89,"column":3}},"type":"if","locations":[{"start":{"line":87,"column":2},"end":{"line":89,"column":3}},{"start":{},"end":{}}]},"2":{"loc":{"start":{"line":92,"column":2},"end":{"line":94,"column":3}},"type":"if","locations":[{"start":{"line":92,"column":2},"end":{"line":94,"column":3}},{"start":{},"end":{}}]},"3":{"loc":{"start":{"line":97,"column":2},"end":{"line":102,"column":3}},"type":"if","locations":[{"start":{"line":97,"column":2},"end":{"line":102,"column":3}},{"start":{},"end":{}}]},"4":{"loc":{"start":{"line":99,"column":4},"end":{"line":101,"column":5}},"type":"if","locations":[{"start":{"line":99,"column":4},"end":{"line":101,"column":5}},{"start":{},"end":{}}]}},"s":{"0":1,"1":1,"2":1,"3":1,"4":1,"5":1,"6":1,"7":1,"8":1,"9":1,"10":117,"11":117,"12":12,"13":14,"14":1,"15":13,"16":3,"17":10,"18":4,"19":4,"20":2,"21":8},"f":{"0":117,"1":12,"2":14},"b":{"0":[12,9,6],"1":[1,13],"2":[3,10],"3":[4,6],"4":[2,2]}}
,"/Users/sebastienmauve/Documents/BUREAUCRACY++/Github/bureaucracy_v.1.17.0-MVP/data/gameData.ts": {"path":"/Users/sebastienmauve/Documents/BUREAUCRACY++/Github/bureaucracy_v.1.17.0-MVP/data/gameData.ts","statementMap":{"0":{"start":{"line":4,"column":13},"end":{"line":385,"column":2}},"1":{"start":{"line":388,"column":13},"end":{"line":420,"column":2}}},"fnMap":{},"branchMap":{},"s":{"0":0,"1":0},"f":{},"b":{}}
,"/Users/sebastienmauve/Documents/BUREAUCRACY++/Github/bureaucracy_v.1.17.0-MVP/data/messageSystem.ts": {"path":"/Users/sebastienmauve/Documents/BUREAUCRACY++/Github/bureaucracy_v.1.17.0-MVP/data/messageSystem.ts","statementMap":{"0":{"start":{"line":45,"column":0},"end":{"line":45,"column":16}},"1":{"start":{"line":64,"column":0},"end":{"line":64,"column":16}},"2":{"start":{"line":97,"column":0},"end":{"line":97,"column":16}},"3":{"start":{"line":123,"column":0},"end":{"line":123,"column":16}},"4":{"start":{"line":9,"column":13},"end":{"line":9,"column":38}},"5":{"start":{"line":10,"column":13},"end":{"line":10,"column":36}},"6":{"start":{"line":11,"column":13},"end":{"line":11,"column":40}},"7":{"start":{"line":14,"column":25},"end":{"line":14,"column":30}},"8":{"start":{"line":15,"column":29},"end":{"line":15,"column":33}},"9":{"start":{"line":16,"column":28},"end":{"line":16,"column":32}},"10":{"start":{"line":17,"column":35},"end":{"line":17,"column":38}},"11":{"start":{"line":18,"column":32},"end":{"line":18,"column":36}},"12":{"start":{"line":21,"column":35},"end":{"line":21,"column":40}},"13":{"start":{"line":22,"column":37},"end":{"line":22,"column":43}},"14":{"start":{"line":28,"column":13},"end":{"line":35,"column":2}},"15":{"start":{"line":46,"column":22},"end":{"line":46,"column":69}},"16":{"start":{"line":47,"column":2},"end":{"line":47,"column":35}},"17":{"start":{"line":65,"column":2},"end":{"line":67,"column":3}},"18":{"start":{"line":66,"column":4},"end":{"line":66,"column":28}},"19":{"start":{"line":69,"column":14},"end":{"line":69,"column":24}},"20":{"start":{"line":70,"column":31},"end":{"line":70,"column":64}},"21":{"start":{"line":72,"column":2},"end":{"line":81,"column":3}},"22":{"start":{"line":74,"column":4},"end":{"line":74,"column":32}},"23":{"start":{"line":75,"column":9},"end":{"line":81,"column":3}},"24":{"start":{"line":77,"column":4},"end":{"line":77,"column":31}},"25":{"start":{"line":80,"column":4},"end":{"line":80,"column":28}},"26":{"start":{"line":98,"column":14},"end":{"line":98,"column":24}},"27":{"start":{"line":101,"column":2},"end":{"line":103,"column":3}},"28":{"start":{"line":102,"column":4},"end":{"line":102,"column":17}},"29":{"start":{"line":106,"column":2},"end":{"line":106,"column":52}},"30":{"start":{"line":128,"column":2},"end":{"line":128,"column":86}}},"fnMap":{"0":{"name":"getRandomSICMessage","decl":{"start":{"line":45,"column":16},"end":{"line":45,"column":35}},"loc":{"start":{"line":45,"column":35},"end":{"line":48,"column":1}}},"1":{"name":"calculateSICProbability","decl":{"start":{"line":64,"column":16},"end":{"line":64,"column":39}},"loc":{"start":{"line":64,"column":73},"end":{"line":82,"column":1}}},"2":{"name":"shouldTriggerNonConformity","decl":{"start":{"line":97,"column":16},"end":{"line":97,"column":42}},"loc":{"start":{"line":97,"column":79},"end":{"line":107,"column":1}}},"3":{"name":"hasCrossedMilestone","decl":{"start":{"line":123,"column":16},"end":{"line":123,"column":35}},"loc":{"start":{"line":126,"column":19},"end":{"line":129,"column":1}}}},"branchMap":{"0":{"loc":{"start":{"line":65,"column":2},"end":{"line":67,"column":3}},"type":"if","locations":[{"start":{"line":65,"column":2},"end":{"line":67,"column":3}},{"start":{},"end":{}}]},"1":{"loc":{"start":{"line":72,"column":2},"end":{"line":81,"column":3}},"type":"if","locations":[{"start":{"line":72,"column":2},"end":{"line":81,"column":3}},{"start":{"line":75,"column":9},"end":{"line":81,"column":3}}]},"2":{"loc":{"start":{"line":75,"column":9},"end":{"line":81,"column":3}},"type":"if","locations":[{"start":{"line":75,"column":9},"end":{"line":81,"column":3}},{"start":{"line":78,"column":9},"end":{"line":81,"column":3}}]},"3":{"loc":{"start":{"line":101,"column":2},"end":{"line":103,"column":3}},"type":"if","locations":[{"start":{"line":101,"column":2},"end":{"line":103,"column":3}},{"start":{},"end":{}}]},"4":{"loc":{"start":{"line":101,"column":6},"end":{"line":101,"column":100}},"type":"binary-expr","locations":[{"start":{"line":101,"column":6},"end":{"line":101,"column":36}},{"start":{"line":101,"column":40},"end":{"line":101,"column":100}}]}},"s":{"0":1,"1":1,"2":1,"3":1,"4":1,"5":1,"6":1,"7":1,"8":1,"9":1,"10":1,"11":1,"12":1,"13":1,"14":1,"15":10251,"16":10251,"17":10014,"18":3,"19":10011,"20":10011,"21":10011,"22":10003,"23":8,"24":4,"25":4,"26":202001,"27":202001,"28":2000,"29":200001,"30":9},"f":{"0":10251,"1":10014,"2":202001,"3":9},"b":{"0":[3,10011],"1":[10003,8],"2":[4,4],"3":[2000,200001],"4":[202001,102000]}}
,"/Users/sebastienmauve/Documents/BUREAUCRACY++/Github/bureaucracy_v.1.17.0-MVP/utils/formatters.ts": {"path":"/Users/sebastienmauve/Documents/BUREAUCRACY++/Github/bureaucracy_v.1.17.0-MVP/utils/formatters.ts","statementMap":{"0":{"start":{"line":12,"column":0},"end":{"line":12,"column":16}},"1":{"start":{"line":39,"column":0},"end":{"line":39,"column":16}},"2":{"start":{"line":13,"column":2},"end":{"line":32,"column":3}},"3":{"start":{"line":14,"column":21},"end":{"line":14,"column":36}},"4":{"start":{"line":16,"column":22},"end":{"line":16,"column":59}},"5":{"start":{"line":18,"column":4},"end":{"line":18,"column":49}},"6":{"start":{"line":19,"column":9},"end":{"line":32,"column":3}},"7":{"start":{"line":20,"column":22},"end":{"line":20,"column":34}},"8":{"start":{"line":22,"column":22},"end":{"line":22,"column":60}},"9":{"start":{"line":24,"column":4},"end":{"line":24,"column":49}},"10":{"start":{"line":25,"column":9},"end":{"line":32,"column":3}},"11":{"start":{"line":27,"column":4},"end":{"line":27,"column":53}},"12":{"start":{"line":28,"column":9},"end":{"line":32,"column":3}},"13":{"start":{"line":29,"column":4},"end":{"line":29,"column":46}},"14":{"start":{"line":31,"column":4},"end":{"line":31,"column":46}},"15":{"start":{"line":40,"column":2},"end":{"line":40,"column":51}}},"fnMap":{"0":{"name":"formatNumberFrench","decl":{"start":{"line":12,"column":16},"end":{"line":12,"column":34}},"loc":{"start":{"line":12,"column":48},"end":{"line":33,"column":1}}},"1":{"name":"formatLargeNumber","decl":{"start":{"line":39,"column":16},"end":{"line":39,"column":33}},"loc":{"start":{"line":39,"column":47},"end":{"line":41,"column":1}}}},"branchMap":{"0":{"loc":{"start":{"line":13,"column":2},"end":{"line":32,"column":3}},"type":"if","locations":[{"start":{"line":13,"column":2},"end":{"line":32,"column":3}},{"start":{"line":19,"column":9},"end":{"line":32,"column":3}}]},"1":{"loc":{"start":{"line":19,"column":9},"end":{"line":32,"column":3}},"type":"if","locations":[{"start":{"line":19,"column":9},"end":{"line":32,"column":3}},{"start":{"line":25,"column":9},"end":{"line":32,"column":3}}]},"2":{"loc":{"start":{"line":25,"column":9},"end":{"line":32,"column":3}},"type":"if","locations":[{"start":{"line":25,"column":9},"end":{"line":32,"column":3}},{"start":{"line":28,"column":9},"end":{"line":32,"column":3}}]},"3":{"loc":{"start":{"line":28,"column":9},"end":{"line":32,"column":3}},"type":"if","locations":[{"start":{"line":28,"column":9},"end":{"line":32,"column":3}},{"start":{"line":30,"column":9},"end":{"line":32,"column":3}}]}},"s":{"0":1,"1":1,"2":61,"3":9,"4":9,"5":9,"6":52,"7":14,"8":14,"9":14,"10":38,"11":9,"12":29,"13":8,"14":21,"15":34},"f":{"0":61,"1":34},"b":{"0":[9,52],"1":[14,38],"2":[9,29],"3":[8,21]}}
,"/Users/sebastienmauve/Documents/BUREAUCRACY++/Github/bureaucracy_v.1.17.0-MVP/utils/stateMigration.ts": {"path":"/Users/sebastienmauve/Documents/BUREAUCRACY++/Github/bureaucracy_v.1.17.0-MVP/utils/stateMigration.ts","statementMap":{"0":{"start":{"line":27,"column":0},"end":{"line":27,"column":16}},"1":{"start":{"line":90,"column":0},"end":{"line":90,"column":16}},"2":{"start":{"line":28,"column":2},"end":{"line":80,"column":3}},"3":{"start":{"line":30,"column":20},"end":{"line":30,"column":39}},"4":{"start":{"line":33,"column":4},"end":{"line":35,"column":5}},"5":{"start":{"line":34,"column":6},"end":{"line":34,"column":33}},"6":{"start":{"line":38,"column":4},"end":{"line":68,"column":5}},"7":{"start":{"line":39,"column":6},"end":{"line":39,"column":75}},"8":{"start":{"line":42,"column":33},"end":{"line":42,"column":67}},"9":{"start":{"line":43,"column":29},"end":{"line":43,"column":59}},"10":{"start":{"line":45,"column":6},"end":{"line":67,"column":8}},"11":{"start":{"line":74,"column":4},"end":{"line":74,"column":85}},"12":{"start":{"line":75,"column":4},"end":{"line":75,"column":31}},"13":{"start":{"line":78,"column":4},"end":{"line":78,"column":70}},"14":{"start":{"line":79,"column":4},"end":{"line":79,"column":16}},"15":{"start":{"line":91,"column":2},"end":{"line":114,"column":3}},"16":{"start":{"line":93,"column":4},"end":{"line":95,"column":5}},"17":{"start":{"line":94,"column":6},"end":{"line":94,"column":19}},"18":{"start":{"line":98,"column":4},"end":{"line":102,"column":5}},"19":{"start":{"line":101,"column":6},"end":{"line":101,"column":19}},"20":{"start":{"line":105,"column":4},"end":{"line":109,"column":5}},"21":{"start":{"line":106,"column":6},"end":{"line":108,"column":7}},"22":{"start":{"line":107,"column":8},"end":{"line":107,"column":21}},"23":{"start":{"line":111,"column":4},"end":{"line":111,"column":16}},"24":{"start":{"line":113,"column":4},"end":{"line":113,"column":17}}},"fnMap":{"0":{"name":"migrateGameState","decl":{"start":{"line":27,"column":16},"end":{"line":27,"column":32}},"loc":{"start":{"line":27,"column":44},"end":{"line":81,"column":1}}},"1":{"name":"isValidGameState","decl":{"start":{"line":90,"column":16},"end":{"line":90,"column":32}},"loc":{"start":{"line":90,"column":43},"end":{"line":115,"column":1}}}},"branchMap":{"0":{"loc":{"start":{"line":30,"column":20},"end":{"line":30,"column":39}},"type":"binary-expr","locations":[{"start":{"line":30,"column":20},"end":{"line":30,"column":34}},{"start":{"line":30,"column":38},"end":{"line":30,"column":39}}]},"1":{"loc":{"start":{"line":33,"column":4},"end":{"line":35,"column":5}},"type":"if","locations":[{"start":{"line":33,"column":4},"end":{"line":35,"column":5}},{"start":{},"end":{}}]},"2":{"loc":{"start":{"line":38,"column":4},"end":{"line":68,"column":5}},"type":"if","locations":[{"start":{"line":38,"column":4},"end":{"line":68,"column":5}},{"start":{},"end":{}}]},"3":{"loc":{"start":{"line":42,"column":33},"end":{"line":42,"column":67}},"type":"binary-expr","locations":[{"start":{"line":42,"column":33},"end":{"line":42,"column":62}},{"start":{"line":42,"column":66},"end":{"line":42,"column":67}}]},"4":{"loc":{"start":{"line":43,"column":29},"end":{"line":43,"column":59}},"type":"binary-expr","locations":[{"start":{"line":43,"column":29},"end":{"line":43,"column":54}},{"start":{"line":43,"column":58},"end":{"line":43,"column":59}}]},"5":{"loc":{"start":{"line":93,"column":4},"end":{"line":95,"column":5}},"type":"if","locations":[{"start":{"line":93,"column":4},"end":{"line":95,"column":5}},{"start":{},"end":{}}]},"6":{"loc":{"start":{"line":93,"column":8},"end":{"line":93,"column":89}},"type":"binary-expr","locations":[{"start":{"line":93,"column":8},"end":{"line":93,"column":22}},{"start":{"line":93,"column":26},"end":{"line":93,"column":42}},{"start":{"line":93,"column":46},"end":{"line":93,"column":63}},{"start":{"line":93,"column":67},"end":{"line":93,"column":89}}]},"7":{"loc":{"start":{"line":98,"column":4},"end":{"line":102,"column":5}},"type":"if","locations":[{"start":{"line":98,"column":4},"end":{"line":102,"column":5}},{"start":{},"end":{}}]},"8":{"loc":{"start":{"line":98,"column":8},"end":{"line":100,"column":55}},"type":"binary-expr","locations":[{"start":{"line":98,"column":8},"end":{"line":98,"column":52}},{"start":{"line":99,"column":8},"end":{"line":99,"column":51}},{"start":{"line":100,"column":8},"end":{"line":100,"column":55}}]},"9":{"loc":{"start":{"line":105,"column":4},"end":{"line":109,"column":5}},"type":"if","locations":[{"start":{"line":105,"column":4},"end":{"line":109,"column":5}},{"start":{},"end":{}}]},"10":{"loc":{"start":{"line":106,"column":6},"end":{"line":108,"column":7}},"type":"if","locations":[{"start":{"line":106,"column":6},"end":{"line":108,"column":7}},{"start":{},"end":{}}]},"11":{"loc":{"start":{"line":106,"column":10},"end":{"line":106,"column":51}},"type":"binary-expr","locations":[{"start":{"line":106,"column":10},"end":{"line":106,"column":27}},{"start":{"line":106,"column":31},"end":{"line":106,"column":51}}]}},"s":{"0":0,"1":0,"2":0,"3":0,"4":0,"5":0,"6":0,"7":0,"8":0,"9":0,"10":0,"11":0,"12":0,"13":0,"14":0,"15":0,"16":0,"17":0,"18":0,"19":0,"20":0,"21":0,"22":0,"23":0,"24":0},"f":{"0":0,"1":0},"b":{"0":[0,0],"1":[0,0],"2":[0,0],"3":[0,0],"4":[0,0],"5":[0,0],"6":[0,0,0,0],"7":[0,0],"8":[0,0,0],"9":[0,0],"10":[0,0],"11":[0,0]}}
}
