TN:
SF:data/conformiteLogic.ts
FN:31,calculateConformitePercentage
FN:54,shouldUnlockConformite
FN:81,canPerformTest
FNF:3
FNH:3
FNDA:117,calculateConformitePercentage
FNDA:12,shouldUnlockConformite
FNDA:14,canPerformTest
DA:9,1
DA:10,1
DA:11,1
DA:12,1
DA:13,1
DA:14,1
DA:15,1
DA:31,1
DA:33,117
DA:36,117
DA:54,1
DA:59,12
DA:81,1
DA:87,14
DA:88,1
DA:92,13
DA:93,3
DA:97,10
DA:98,4
DA:99,4
DA:100,2
DA:104,8
LF:22
LH:22
BRDA:60,0,0,12
BRDA:60,0,1,9
BRDA:60,0,2,6
BRDA:87,1,0,1
BRDA:87,1,1,13
BRDA:92,2,0,3
BRDA:92,2,1,10
BRDA:97,3,0,4
BRDA:97,3,1,6
BRDA:99,4,0,2
BRDA:99,4,1,2
BRF:11
BRH:11
end_of_record
TN:
SF:data/gameData.ts
FNF:0
FNH:0
DA:4,0
DA:388,0
LF:2
LH:0
BRF:0
BRH:0
end_of_record
TN:
SF:data/messageSystem.ts
FN:45,getRandomSICMessage
FN:64,calculateSICProbability
FN:97,shouldTriggerNonConformity
FN:123,hasCrossedMilestone
FNF:4
FNH:4
FNDA:10251,getRandomSICMessage
FNDA:10014,calculateSICProbability
FNDA:202001,shouldTriggerNonConformity
FNDA:9,hasCrossedMilestone
DA:9,1
DA:10,1
DA:11,1
DA:14,1
DA:15,1
DA:16,1
DA:17,1
DA:18,1
DA:21,1
DA:22,1
DA:28,1
DA:45,1
DA:46,10251
DA:47,10251
DA:64,1
DA:65,10014
DA:66,3
DA:69,10011
DA:70,10011
DA:72,10011
DA:74,10003
DA:75,8
DA:77,4
DA:80,4
DA:97,1
DA:98,202001
DA:101,202001
DA:102,2000
DA:106,200001
DA:123,1
DA:128,9
LF:31
LH:31
BRDA:65,0,0,3
BRDA:65,0,1,10011
BRDA:72,1,0,10003
BRDA:72,1,1,8
BRDA:75,2,0,4
BRDA:75,2,1,4
BRDA:101,3,0,2000
BRDA:101,3,1,200001
BRDA:101,4,0,202001
BRDA:101,4,1,102000
BRF:10
BRH:10
end_of_record
TN:
SF:utils/formatters.ts
FN:12,formatNumberFrench
FN:39,formatLargeNumber
FNF:2
FNH:2
FNDA:61,formatNumberFrench
FNDA:34,formatLargeNumber
DA:12,1
DA:13,61
DA:14,9
DA:16,9
DA:18,9
DA:19,52
DA:20,14
DA:22,14
DA:24,14
DA:25,38
DA:27,9
DA:28,29
DA:29,8
DA:31,21
DA:39,1
DA:40,34
LF:16
LH:16
BRDA:13,0,0,9
BRDA:13,0,1,52
BRDA:19,1,0,14
BRDA:19,1,1,38
BRDA:25,2,0,9
BRDA:25,2,1,29
BRDA:28,3,0,8
BRDA:28,3,1,21
BRF:8
BRH:8
end_of_record
TN:
SF:utils/stateMigration.ts
FN:27,migrateGameState
FN:90,isValidGameState
FNF:2
FNH:0
FNDA:0,migrateGameState
FNDA:0,isValidGameState
DA:27,0
DA:28,0
DA:30,0
DA:33,0
DA:34,0
DA:38,0
DA:39,0
DA:42,0
DA:43,0
DA:45,0
DA:74,0
DA:75,0
DA:78,0
DA:79,0
DA:90,0
DA:91,0
DA:93,0
DA:94,0
DA:98,0
DA:101,0
DA:105,0
DA:106,0
DA:107,0
DA:111,0
DA:113,0
LF:25
LH:0
BRDA:30,0,0,0
BRDA:30,0,1,0
BRDA:33,1,0,0
BRDA:33,1,1,0
BRDA:38,2,0,0
BRDA:38,2,1,0
BRDA:42,3,0,0
BRDA:42,3,1,0
BRDA:43,4,0,0
BRDA:43,4,1,0
BRDA:93,5,0,0
BRDA:93,5,1,0
BRDA:93,6,0,0
BRDA:93,6,1,0
BRDA:93,6,2,0
BRDA:93,6,3,0
BRDA:98,7,0,0
BRDA:98,7,1,0
BRDA:98,8,0,0
BRDA:98,8,1,0
BRDA:98,8,2,0
BRDA:105,9,0,0
BRDA:105,9,1,0
BRDA:106,10,0,0
BRDA:106,10,1,0
BRDA:106,11,0,0
BRDA:106,11,1,0
BRF:27
BRH:0
end_of_record
